<?xml version="1.0" encoding="UTF-8"?>
<!-- Generated by org.testng.reporters.JUnitXMLReporter -->
<testsuite ignored="3" hostname="DESKTOP-79Q8GK8" failures="0" tests="1" name="Default test" time="18.939" errors="0" timestamp="2023-11-13T11:58:30 EET">
  <testcase classname="MobileAutomation.appiumBasics" name="Click_App_button" time="4.524"/>
  <testcase classname="MobileAutomation.appiumBasics" name="androidKeyboard" time="0.0">
    <ignored/>
  </testcase> <!-- androidKeyboard -->
  <testcase classname="MobileAutomation.appiumBasics" name="longpressTest" time="0.0">
    <ignored/>
  </testcase> <!-- longpressTest -->
  <testcase classname="MobileAutomation.appiumBasics" name="rotateMobileScreen" time="0.0">
    <ignored/>
  </testcase> <!-- rotateMobileScreen -->
</testsuite> <!-- Default test -->
