<?xml version="1.0" encoding="UTF-8"?>
<testng-results ignored="3" total="4" passed="1" failed="0" skipped="0">
  <reporter-output>
    <line>
      <![CDATA[
[0;7m------------------------------------------------------------------------------------------------------------------------------------------------
                                                    Powered by [1mSHAFT v.7.4.20231026[22m                                                    
------------------------------------------------------------------------------------------------------------------------------------------------
[0m]]>
    </line>
    <line>
      <![CDATA[[ReportManager] Loaded OpenCV "opencv_java470". @13-11-2023 11:58:10.0518 am]]>
    </line>
    <line>
      <![CDATA[[ReportManager] Initializing Allure Reporting Environment... @13-11-2023 11:58:10.0519 am]]>
    </line>
    <line>
      <![CDATA[[ReportManager] Initializing Extent Reporting Environment... @13-11-2023 11:58:10.0685 am]]>
    </line>
    <line>
      <![CDATA[[ReportManager] Initializing Summary Reporting Environment... @13-11-2023 11:58:10.0888 am]]>
    </line>
    <line>
      <![CDATA[
[0;7m------------------------------------------------------------------------------------------------------------------------------------------------
                                             Starting execution of suite setup configuration method                                             
                                          'com.shaft.listeners.internal.ConfigurationHelper.suiteSetup'                                          
------------------------------------------------------------------------------------------------------------------------------------------------
[0m]]>
    </line>
    <line>
      <![CDATA[[ReportManager] Initializing Important Links... @13-11-2023 11:58:11.0022 am]]>
    </line>
    <line>
      <![CDATA[[ReportManager] Initializing Properties... @13-11-2023 11:58:11.0028 am]]>
    </line>
    <line>
      <![CDATA[
[0;7m------------------------------------------------------------------------------------------------------------------------------------------------
                                                Starting execution of set up configuration method                                                
                                                      'MobileAutomation.appiumBasics.setUp'                                                      
------------------------------------------------------------------------------------------------------------------------------------------------
[0m]]>
    </line>
    <line>
      <![CDATA[
[0;7m------------------------------------------------------------------------------------------------------------------------------------------------
                                        Starting Execution: '1 out of 1' test cases in the current suite                                        
                                          Test Method: 'MobileAutomation.appiumBasics.Click_App_button'                                          
------------------------------------------------------------------------------------------------------------------------------------------------
[0m]]>
    </line>
    <line>
      <![CDATA[[ReportManager] Successfully created attachment 'SHAFT Engine Logs - Current Method log: Click_App_button' @13-11-2023 11:58:29.0557 am]]>
    </line>
    <line>
      <![CDATA[
[0;7m------------------------------------------------------------------------------------------------------------------------------------------------
                               Finished Execution of Test Method: 'MobileAutomation.appiumBasics.Click_App_button'                               
                                                              Test Status: 'Passed'                                                              
------------------------------------------------------------------------------------------------------------------------------------------------
[0m]]>
    </line>
    <line>
      <![CDATA[
[0;7m------------------------------------------------------------------------------------------------------------------------------------------------
                                               Starting execution of teardown configuration method                                               
                                                    'MobileAutomation.appiumBasics.Teardown'                                                    
------------------------------------------------------------------------------------------------------------------------------------------------
[0m]]>
    </line>
    <line>
      <![CDATA[
[0;7m------------------------------------------------------------------------------------------------------------------------------------------------
                                           Starting execution of engine teardown configuration method                                           
                                        'com.shaft.listeners.internal.ConfigurationHelper.engineTeardown'                                        
------------------------------------------------------------------------------------------------------------------------------------------------
[0m]]>
    </line>
    <line>
      <![CDATA[[ReportManager] Successfully created attachment 'SHAFT Engine Logs - Execution log' @13-11-2023 11:58:30.0033 am]]>
    </line>
    <line>
      <![CDATA[[ReportManager] File Action "DoesFileExist" successfully performed. With the following test data "File Path: "target/logs/log4j.log"". @13-11-2023 11:58:30.0034 am]]>
    </line>
    <line>
      <![CDATA[[ReportManager] File Action "GetAbsolutePath" successfully performed. With the following test data "Relative Folder Path: "target/logs/log4j.log"". @13-11-2023 11:58:30.0034 am]]>
    </line>
    <line>
      <![CDATA[[ReportManager] File Action "ReadFileAsByteArray" successfully performed. With the following test data "File Path: "C:\Users\Statsbomb\eclipse-workspace\Appium_project\Appium\target\logs\log4j.log"". @13-11-2023 11:58:30.0050 am]]>
    </line>
    <line>
      <![CDATA[[ReportManager] File Action "DeleteFile" successfully performed. With the following test data "Target File Path: "target/logs/log4j.log", file was not deleted.". @13-11-2023 11:58:30.0051 am]]>
    </line>
    <line>
      <![CDATA[[ReportManager] Successfully created attachment 'SHAFT Engine Logs - Execution log: 20231113-115830' @13-11-2023 11:58:30.0052 am]]>
    </line>
    <line>
      <![CDATA[[ReportManager] File Action "DoesFileExist" successfully performed. With the following test data "File Path: "allure-results/cucumberReport.html"". @13-11-2023 11:58:30.0306 am]]>
    </line>
    <line>
      <![CDATA[[ReportManager] Successfully created attachment 'HTML - Checkpoints Report' @13-11-2023 11:58:30.0309 am]]>
    </line>
    <line>
      <![CDATA[[ReportManager] Driver is already closed. @13-11-2023 11:58:30.0311 am]]>
    </line>
  </reporter-output>
  <suite started-at="2023-11-13T11:58:11 EET" name="Default suite" finished-at="2023-11-13T11:58:30 EET" duration-ms="18939">
    <groups>
    </groups>
    <test started-at="2023-11-13T11:58:11 EET" name="Default test" finished-at="2023-11-13T11:58:30 EET" duration-ms="18939">
      <class name="com.shaft.listeners.internal.ConfigurationHelper">
        <test-method is-config="true" signature="suiteSetup(org.testng.ITestContext)[pri:0, instance:com.shaft.listeners.internal.ConfigurationHelper@25290bca]" started-at="2023-11-13T11:58:10 EET" name="suiteSetup" description="Engine Setup" finished-at="2023-11-13T11:58:11 EET" duration-ms="69" status="PASS">
          <params>
            <param index="0">
              <value>
                <![CDATA[org.testng.TestRunner@205159dc]]>
              </value>
            </param>
          </params>
          <reporter-output>
            <line>
              <![CDATA[[ReportManager] Initializing Important Links... @13-11-2023 11:58:11.0022 am]]>
            </line>
            <line>
              <![CDATA[[ReportManager] Initializing Properties... @13-11-2023 11:58:11.0028 am]]>
            </line>
          </reporter-output>
        </test-method> <!-- suiteSetup -->
        <test-method is-config="true" signature="engineTeardown()[pri:0, instance:com.shaft.listeners.internal.ConfigurationHelper@25290bca]" started-at="2023-11-13T11:58:30 EET" name="engineTeardown" description="Engine Teardown" finished-at="2023-11-13T11:58:30 EET" duration-ms="281" status="PASS">
          <reporter-output>
            <line>
              <![CDATA[[ReportManager] Successfully created attachment 'SHAFT Engine Logs - Execution log' @13-11-2023 11:58:30.0033 am]]>
            </line>
            <line>
              <![CDATA[[ReportManager] File Action "DoesFileExist" successfully performed. With the following test data "File Path: "target/logs/log4j.log"". @13-11-2023 11:58:30.0034 am]]>
            </line>
            <line>
              <![CDATA[[ReportManager] File Action "GetAbsolutePath" successfully performed. With the following test data "Relative Folder Path: "target/logs/log4j.log"". @13-11-2023 11:58:30.0034 am]]>
            </line>
            <line>
              <![CDATA[[ReportManager] File Action "ReadFileAsByteArray" successfully performed. With the following test data "File Path: "C:\Users\Statsbomb\eclipse-workspace\Appium_project\Appium\target\logs\log4j.log"". @13-11-2023 11:58:30.0050 am]]>
            </line>
            <line>
              <![CDATA[[ReportManager] File Action "DeleteFile" successfully performed. With the following test data "Target File Path: "target/logs/log4j.log", file was not deleted.". @13-11-2023 11:58:30.0051 am]]>
            </line>
            <line>
              <![CDATA[[ReportManager] Successfully created attachment 'SHAFT Engine Logs - Execution log: 20231113-115830' @13-11-2023 11:58:30.0052 am]]>
            </line>
            <line>
              <![CDATA[[ReportManager] File Action "DoesFileExist" successfully performed. With the following test data "File Path: "allure-results/cucumberReport.html"". @13-11-2023 11:58:30.0306 am]]>
            </line>
            <line>
              <![CDATA[[ReportManager] Successfully created attachment 'HTML - Checkpoints Report' @13-11-2023 11:58:30.0309 am]]>
            </line>
            <line>
              <![CDATA[[ReportManager] Driver is already closed. @13-11-2023 11:58:30.0311 am]]>
            </line>
          </reporter-output>
        </test-method> <!-- engineTeardown -->
      </class> <!-- com.shaft.listeners.internal.ConfigurationHelper -->
      <class name="MobileAutomation.appiumBasics">
        <test-method is-config="true" signature="setUp()[pri:0, instance:MobileAutomation.appiumBasics@4047d2d9]" started-at="2023-11-13T11:58:11 EET" name="setUp" finished-at="2023-11-13T11:58:25 EET" duration-ms="13941" status="PASS">
          <reporter-output>
          </reporter-output>
        </test-method> <!-- setUp -->
        <test-method signature="Click_App_button()[pri:0, instance:MobileAutomation.appiumBasics@4047d2d9]" started-at="2023-11-13T11:58:25 EET" name="Click_App_button" finished-at="2023-11-13T11:58:29 EET" duration-ms="4524" status="PASS">
          <reporter-output>
            <line>
              <![CDATA[
[0;7m------------------------------------------------------------------------------------------------------------------------------------------------
                                        Starting Execution: '1 out of 1' test cases in the current suite                                        
                                          Test Method: 'MobileAutomation.appiumBasics.Click_App_button'                                          
------------------------------------------------------------------------------------------------------------------------------------------------
[0m]]>
            </line>
            <line>
              <![CDATA[[ReportManager] Successfully created attachment 'SHAFT Engine Logs - Current Method log: Click_App_button' @13-11-2023 11:58:29.0557 am]]>
            </line>
            <line>
              <![CDATA[
[0;7m------------------------------------------------------------------------------------------------------------------------------------------------
                               Finished Execution of Test Method: 'MobileAutomation.appiumBasics.Click_App_button'                               
                                                              Test Status: 'Passed'                                                              
------------------------------------------------------------------------------------------------------------------------------------------------
[0m]]>
            </line>
          </reporter-output>
        </test-method> <!-- Click_App_button -->
        <test-method is-config="true" signature="Teardown()[pri:0, instance:MobileAutomation.appiumBasics@4047d2d9]" started-at="2023-11-13T11:58:29 EET" name="Teardown" finished-at="2023-11-13T11:58:30 EET" duration-ms="396" status="PASS">
          <reporter-output>
          </reporter-output>
        </test-method> <!-- Teardown -->
      </class> <!-- MobileAutomation.appiumBasics -->
    </test> <!-- Default test -->
  </suite> <!-- Default suite -->
</testng-results>
